{"/Users/zacharyliu/patsnap/litigation-assistant-local/src/App.vue": {"path":"/Users/zacharyliu/patsnap/litigation-assistant-local/src/App.vue","statementMap":{"0":{"start":{"line":9,"column":0},"end":{"line":null,"column":-1}}},"fnMap":{},"branchMap":{},"s":{"0":0},"f":{},"b":{}}
,"/Users/zacharyliu/patsnap/litigation-assistant-local/src/apis/index.js": {"path":"/Users/zacharyliu/patsnap/litigation-assistant-local/src/apis/index.js","statementMap":{"0":{"start":{"line":1,"column":0},"end":{"line":null,"column":-1}}},"fnMap":{},"branchMap":{},"s":{"0":0},"f":{},"b":{}}
,"/Users/zacharyliu/patsnap/litigation-assistant-local/src/apis/preferences.js": {"path":"/Users/zacharyliu/patsnap/litigation-assistant-local/src/apis/preferences.js","statementMap":{"0":{"start":{"line":1,"column":0},"end":{"line":null,"column":-1}},"1":{"start":{"line":3,"column":14},"end":{"line":3,"column":0}},"2":{"start":{"line":3,"column":14},"end":{"line":3,"column":-1}},"3":{"start":{"line":4,"column":2},"end":{"line":6,"column":3}},"4":{"start":{"line":5,"column":4},"end":{"line":null,"column":-1}},"5":{"start":{"line":7,"column":14},"end":{"line":7,"column":2}},"6":{"start":{"line":8,"column":52},"end":{"line":3,"column":45}},"7":{"start":{"line":3,"column":45},"end":{"line":3,"column":44}},"8":{"start":{"line":3,"column":45},"end":{"line":8,"column":22}},"9":{"start":{"line":3,"column":45},"end":{"line":8,"column":42}},"10":{"start":{"line":3,"column":45},"end":{"line":null,"column":-1}},"11":{"start":{"line":9,"column":2},"end":{"line":null,"column":-1}},"12":{"start":{"line":13,"column":13},"end":{"line":13,"column":7}},"13":{"start":{"line":13,"column":19},"end":{"line":13,"column":6}},"14":{"start":{"line":15,"column":19},"end":{"line":15,"column":4}},"15":{"start":{"line":16,"column":4},"end":{"line":null,"column":-1}}},"fnMap":{"0":{"name":"parse","decl":{"start":{"line":3,"column":6},"end":{"line":3,"column":14}},"loc":{"start":{"line":3,"column":14},"end":{"line":3,"column":0}}},"1":{"name":"(anonymous_2)","decl":{"start":{"line":3,"column":35},"end":{"line":3,"column":35}},"loc":{"start":{"line":3,"column":45},"end":{"line":3,"column":25}}},"2":{"name":"get","decl":{"start":{"line":13,"column":13},"end":{"line":13,"column":19}},"loc":{"start":{"line":13,"column":19},"end":{"line":13,"column":7}}},"3":{"name":"(anonymous_4)","decl":{"start":{"line":14,"column":8},"end":{"line":14,"column":19}},"loc":{"start":{"line":14,"column":20},"end":{"line":13,"column":25}}}},"branchMap":{"0":{"loc":{"start":{"line":4,"column":2},"end":{"line":6,"column":3}},"type":"if","locations":[{"start":{"line":4,"column":2},"end":{"line":6,"column":3}},{"start":{"line":4,"column":2},"end":{"line":6,"column":3}}]},"1":{"loc":{"start":{"line":8,"column":19},"end":{"line":3,"column":45}},"type":"cond-expr","locations":[{"start":{"line":8,"column":19},"end":{"line":3,"column":45}},{"start":{"line":3,"column":45},"end":{"line":8,"column":22}}]},"2":{"loc":{"start":{"line":8,"column":30},"end":{"line":3,"column":45}},"type":"cond-expr","locations":[{"start":{"line":8,"column":30},"end":{"line":3,"column":45}},{"start":{"line":3,"column":45},"end":{"line":8,"column":42}}]}},"s":{"0":0,"1":0,"2":0,"3":0,"4":0,"5":0,"6":0,"7":0,"8":0,"9":0,"10":0,"11":0,"12":0,"13":0,"14":0,"15":0},"f":{"0":0,"1":0,"2":0,"3":0},"b":{"0":[0,0],"1":[0,0],"2":[0,0]}}
,"/Users/zacharyliu/patsnap/litigation-assistant-local/src/components/Clipboard.vue": {"path":"/Users/zacharyliu/patsnap/litigation-assistant-local/src/components/Clipboard.vue","statementMap":{"0":{"start":{"line":34,"column":0},"end":{"line":null,"column":-1}},"1":{"start":{"line":35,"column":0},"end":{"line":null,"column":-1}},"2":{"start":{"line":36,"column":0},"end":{"line":null,"column":-1}},"3":{"start":{"line":54,"column":0},"end":{"line":null,"column":-1}},"4":{"start":{"line":59,"column":0},"end":{"line":null,"column":-1}},"5":{"start":{"line":65,"column":0},"end":{"line":66,"column":0}},"6":{"start":{"line":66,"column":0},"end":{"line":null,"column":-1}},"7":{"start":{"line":67,"column":0},"end":{"line":68,"column":0}},"8":{"start":{"line":68,"column":0},"end":{"line":null,"column":-1}},"9":{"start":{"line":69,"column":0},"end":{"line":null,"column":-1}},"10":{"start":{"line":74,"column":0},"end":{"line":null,"column":-1}},"11":{"start":{"line":77,"column":0},"end":{"line":null,"column":-1}},"12":{"start":{"line":80,"column":0},"end":{"line":null,"column":-1}},"13":{"start":{"line":81,"column":0},"end":{"line":null,"column":-1}}},"fnMap":{"0":{"name":"_default","decl":{"start":{"line":53,"column":0},"end":{"line":null,"column":-1}},"loc":{"start":{"line":53,"column":0},"end":{"line":55,"column":0}}},"1":{"name":"data","decl":{"start":{"line":58,"column":0},"end":{"line":null,"column":-1}},"loc":{"start":{"line":58,"column":0},"end":{"line":62,"column":0}}},"2":{"name":"items","decl":{"start":{"line":64,"column":0},"end":{"line":null,"column":-1}},"loc":{"start":{"line":64,"column":0},"end":{"line":70,"column":0}}},"3":{"name":"(anonymous_5)","decl":{"start":{"line":65,"column":0},"end":{"line":null,"column":-1}},"loc":{"start":{"line":65,"column":0},"end":{"line":66,"column":0}}},"4":{"name":"(anonymous_6)","decl":{"start":{"line":67,"column":0},"end":{"line":null,"column":-1}},"loc":{"start":{"line":67,"column":0},"end":{"line":68,"column":0}}},"5":{"name":"close","decl":{"start":{"line":73,"column":0},"end":{"line":null,"column":-1}},"loc":{"start":{"line":73,"column":0},"end":{"line":75,"column":0}}},"6":{"name":"toggle","decl":{"start":{"line":76,"column":0},"end":{"line":null,"column":-1}},"loc":{"start":{"line":76,"column":0},"end":{"line":78,"column":0}}},"7":{"name":"setValue","decl":{"start":{"line":79,"column":0},"end":{"line":null,"column":-1}},"loc":{"start":{"line":79,"column":0},"end":{"line":82,"column":0}}}},"branchMap":{},"s":{"0":0,"1":0,"2":0,"3":0,"4":0,"5":0,"6":0,"7":0,"8":0,"9":0,"10":0,"11":0,"12":0,"13":0},"f":{"0":0,"1":0,"2":0,"3":0,"4":0,"5":0,"6":0,"7":0},"b":{}}
,"/Users/zacharyliu/patsnap/litigation-assistant-local/src/components/Content.vue": {"path":"/Users/zacharyliu/patsnap/litigation-assistant-local/src/components/Content.vue","statementMap":{"0":{"start":{"line":79,"column":0},"end":{"line":null,"column":-1}},"1":{"start":{"line":80,"column":0},"end":{"line":null,"column":-1}},"2":{"start":{"line":81,"column":0},"end":{"line":null,"column":-1}},"3":{"start":{"line":82,"column":0},"end":{"line":null,"column":-1}},"4":{"start":{"line":83,"column":0},"end":{"line":null,"column":-1}},"5":{"start":{"line":84,"column":0},"end":{"line":null,"column":-1}},"6":{"start":{"line":87,"column":0},"end":{"line":null,"column":-1}},"7":{"start":{"line":88,"column":0},"end":{"line":null,"column":-1}},"8":{"start":{"line":91,"column":0},"end":{"line":null,"column":-1}},"9":{"start":{"line":92,"column":0},"end":{"line":null,"column":-1}},"10":{"start":{"line":93,"column":0},"end":{"line":null,"column":-1}},"11":{"start":{"line":96,"column":0},"end":{"line":null,"column":-1}},"12":{"start":{"line":109,"column":0},"end":{"line":126,"column":0}},"13":{"start":{"line":110,"column":0},"end":{"line":null,"column":-1}},"14":{"start":{"line":111,"column":0},"end":{"line":114,"column":0}},"15":{"start":{"line":112,"column":0},"end":{"line":null,"column":-1}},"16":{"start":{"line":113,"column":0},"end":{"line":null,"column":-1}},"17":{"start":{"line":115,"column":0},"end":{"line":125,"column":0}},"18":{"start":{"line":116,"column":0},"end":{"line":124,"column":0}},"19":{"start":{"line":117,"column":0},"end":{"line":123,"column":0}},"20":{"start":{"line":118,"column":0},"end":{"line":null,"column":-1}},"21":{"start":{"line":122,"column":0},"end":{"line":null,"column":-1}},"22":{"start":{"line":129,"column":0},"end":{"line":148,"column":0}},"23":{"start":{"line":130,"column":0},"end":{"line":null,"column":-1}},"24":{"start":{"line":131,"column":0},"end":{"line":null,"column":-1}},"25":{"start":{"line":132,"column":0},"end":{"line":136,"column":0}},"26":{"start":{"line":133,"column":0},"end":{"line":135,"column":0}},"27":{"start":{"line":134,"column":0},"end":{"line":null,"column":-1}},"28":{"start":{"line":137,"column":0},"end":{"line":147,"column":0}},"29":{"start":{"line":138,"column":0},"end":{"line":146,"column":0}},"30":{"start":{"line":139,"column":0},"end":{"line":145,"column":0}},"31":{"start":{"line":140,"column":0},"end":{"line":null,"column":-1}},"32":{"start":{"line":144,"column":0},"end":{"line":null,"column":-1}},"33":{"start":{"line":150,"column":0},"end":{"line":152,"column":0}},"34":{"start":{"line":151,"column":0},"end":{"line":null,"column":-1}},"35":{"start":{"line":153,"column":0},"end":{"line":155,"column":0}},"36":{"start":{"line":154,"column":0},"end":{"line":null,"column":-1}},"37":{"start":{"line":157,"column":0},"end":{"line":159,"column":0}},"38":{"start":{"line":158,"column":0},"end":{"line":null,"column":-1}},"39":{"start":{"line":160,"column":0},"end":{"line":169,"column":0}},"40":{"start":{"line":160,"column":0},"end":{"line":null,"column":-1}},"41":{"start":{"line":162,"column":0},"end":{"line":null,"column":-1}},"42":{"start":{"line":163,"column":0},"end":{"line":167,"column":0}},"43":{"start":{"line":164,"column":0},"end":{"line":null,"column":-1}},"44":{"start":{"line":165,"column":0},"end":{"line":167,"column":0}},"45":{"start":{"line":166,"column":0},"end":{"line":null,"column":-1}},"46":{"start":{"line":168,"column":0},"end":{"line":null,"column":-1}},"47":{"start":{"line":173,"column":0},"end":{"line":null,"column":-1}},"48":{"start":{"line":185,"column":0},"end":{"line":null,"column":-1}},"49":{"start":{"line":186,"column":0},"end":{"line":null,"column":-1}},"50":{"start":{"line":187,"column":0},"end":{"line":189,"column":0}},"51":{"start":{"line":188,"column":0},"end":{"line":null,"column":-1}},"52":{"start":{"line":189,"column":0},"end":{"line":null,"column":-1}},"53":{"start":{"line":194,"column":0},"end":{"line":null,"column":-1}},"54":{"start":{"line":195,"column":0},"end":{"line":null,"column":-1}},"55":{"start":{"line":196,"column":0},"end":{"line":null,"column":-1}},"56":{"start":{"line":197,"column":0},"end":{"line":null,"column":-1}},"57":{"start":{"line":198,"column":0},"end":{"line":null,"column":-1}},"58":{"start":{"line":199,"column":0},"end":{"line":null,"column":-1}},"59":{"start":{"line":202,"column":0},"end":{"line":null,"column":-1}},"60":{"start":{"line":203,"column":0},"end":{"line":null,"column":-1}},"61":{"start":{"line":204,"column":0},"end":{"line":null,"column":-1}},"62":{"start":{"line":207,"column":0},"end":{"line":null,"column":-1}},"63":{"start":{"line":208,"column":0},"end":{"line":219,"column":0}},"64":{"start":{"line":209,"column":0},"end":{"line":null,"column":-1}},"65":{"start":{"line":210,"column":0},"end":{"line":null,"column":-1}},"66":{"start":{"line":211,"column":0},"end":{"line":218,"column":0}},"67":{"start":{"line":211,"column":0},"end":{"line":null,"column":-1}},"68":{"start":{"line":212,"column":0},"end":{"line":null,"column":-1}},"69":{"start":{"line":213,"column":0},"end":{"line":217,"column":0}},"70":{"start":{"line":214,"column":0},"end":{"line":null,"column":-1}},"71":{"start":{"line":215,"column":0},"end":{"line":217,"column":0}},"72":{"start":{"line":216,"column":0},"end":{"line":null,"column":-1}},"73":{"start":{"line":222,"column":0},"end":{"line":null,"column":-1}},"74":{"start":{"line":223,"column":0},"end":{"line":null,"column":-1}},"75":{"start":{"line":226,"column":0},"end":{"line":null,"column":-1}},"76":{"start":{"line":227,"column":0},"end":{"line":null,"column":-1}},"77":{"start":{"line":230,"column":0},"end":{"line":null,"column":-1}},"78":{"start":{"line":231,"column":0},"end":{"line":null,"column":-1}},"79":{"start":{"line":232,"column":0},"end":{"line":236,"column":0}},"80":{"start":{"line":233,"column":0},"end":{"line":null,"column":-1}},"81":{"start":{"line":235,"column":0},"end":{"line":null,"column":-1}},"82":{"start":{"line":239,"column":0},"end":{"line":null,"column":-1}},"83":{"start":{"line":240,"column":0},"end":{"line":null,"column":-1}},"84":{"start":{"line":241,"column":0},"end":{"line":248,"column":0}},"85":{"start":{"line":242,"column":0},"end":{"line":null,"column":-1}},"86":{"start":{"line":243,"column":0},"end":{"line":null,"column":-1}},"87":{"start":{"line":244,"column":0},"end":{"line":null,"column":-1}},"88":{"start":{"line":245,"column":0},"end":{"line":null,"column":-1}},"89":{"start":{"line":247,"column":0},"end":{"line":null,"column":-1}},"90":{"start":{"line":251,"column":0},"end":{"line":253,"column":0}},"91":{"start":{"line":252,"column":0},"end":{"line":null,"column":-1}},"92":{"start":{"line":254,"column":0},"end":{"line":null,"column":-1}},"93":{"start":{"line":255,"column":0},"end":{"line":null,"column":-1}},"94":{"start":{"line":256,"column":0},"end":{"line":263,"column":0}},"95":{"start":{"line":257,"column":0},"end":{"line":262,"column":0}},"96":{"start":{"line":258,"column":0},"end":{"line":null,"column":-1}},"97":{"start":{"line":259,"column":0},"end":{"line":null,"column":-1}},"98":{"start":{"line":260,"column":0},"end":{"line":null,"column":-1}},"99":{"start":{"line":261,"column":0},"end":{"line":null,"column":-1}},"100":{"start":{"line":266,"column":0},"end":{"line":271,"column":0}},"101":{"start":{"line":267,"column":0},"end":{"line":270,"column":0}},"102":{"start":{"line":268,"column":0},"end":{"line":null,"column":-1}},"103":{"start":{"line":269,"column":0},"end":{"line":null,"column":-1}},"104":{"start":{"line":272,"column":0},"end":{"line":282,"column":0}},"105":{"start":{"line":273,"column":0},"end":{"line":281,"column":0}},"106":{"start":{"line":274,"column":0},"end":{"line":null,"column":-1}},"107":{"start":{"line":275,"column":0},"end":{"line":null,"column":-1}},"108":{"start":{"line":276,"column":0},"end":{"line":278,"column":0}},"109":{"start":{"line":277,"column":0},"end":{"line":null,"column":-1}},"110":{"start":{"line":279,"column":0},"end":{"line":null,"column":-1}},"111":{"start":{"line":280,"column":0},"end":{"line":null,"column":-1}},"112":{"start":{"line":286,"column":0},"end":{"line":null,"column":-1}},"113":{"start":{"line":287,"column":0},"end":{"line":292,"column":0}},"114":{"start":{"line":288,"column":0},"end":{"line":291,"column":0}},"115":{"start":{"line":289,"column":0},"end":{"line":null,"column":-1}},"116":{"start":{"line":290,"column":0},"end":{"line":null,"column":-1}}},"fnMap":{"0":{"name":"(anonymous_2)","decl":{"start":{"line":109,"column":0},"end":{"line":null,"column":-1}},"loc":{"start":{"line":109,"column":0},"end":{"line":126,"column":0}}},"1":{"name":"(anonymous_3)","decl":{"start":{"line":111,"column":0},"end":{"line":null,"column":-1}},"loc":{"start":{"line":111,"column":0},"end":{"line":114,"column":0}}},"2":{"name":"(anonymous_4)","decl":{"start":{"line":115,"column":0},"end":{"line":null,"column":-1}},"loc":{"start":{"line":115,"column":0},"end":{"line":125,"column":0}}},"3":{"name":"(anonymous_5)","decl":{"start":{"line":116,"column":0},"end":{"line":null,"column":-1}},"loc":{"start":{"line":116,"column":0},"end":{"line":124,"column":0}}},"4":{"name":"(anonymous_6)","decl":{"start":{"line":129,"column":0},"end":{"line":null,"column":-1}},"loc":{"start":{"line":129,"column":0},"end":{"line":148,"column":0}}},"5":{"name":"(anonymous_7)","decl":{"start":{"line":137,"column":0},"end":{"line":null,"column":-1}},"loc":{"start":{"line":137,"column":0},"end":{"line":147,"column":0}}},"6":{"name":"(anonymous_8)","decl":{"start":{"line":138,"column":0},"end":{"line":null,"column":-1}},"loc":{"start":{"line":138,"column":0},"end":{"line":146,"column":0}}},"7":{"name":"getFileData","decl":{"start":{"line":150,"column":0},"end":{"line":null,"column":-1}},"loc":{"start":{"line":150,"column":0},"end":{"line":152,"column":0}}},"8":{"name":"getUserFileList","decl":{"start":{"line":153,"column":0},"end":{"line":null,"column":-1}},"loc":{"start":{"line":153,"column":0},"end":{"line":155,"column":0}}},"9":{"name":"handleError","decl":{"start":{"line":157,"column":0},"end":{"line":null,"column":-1}},"loc":{"start":{"line":157,"column":0},"end":{"line":159,"column":0}}},"10":{"name":"getContentType","decl":{"start":{"line":160,"column":0},"end":{"line":null,"column":-1}},"loc":{"start":{"line":160,"column":0},"end":{"line":169,"column":0}}},"11":{"name":"data","decl":{"start":{"line":172,"column":0},"end":{"line":null,"column":-1}},"loc":{"start":{"line":172,"column":0},"end":{"line":182,"column":0}}},"12":{"name":"structuredData","decl":{"start":{"line":184,"column":0},"end":{"line":null,"column":-1}},"loc":{"start":{"line":184,"column":0},"end":{"line":190,"column":0}}},"13":{"name":"(anonymous_15)","decl":{"start":{"line":187,"column":0},"end":{"line":null,"column":-1}},"loc":{"start":{"line":187,"column":0},"end":{"line":188,"column":0}}},"14":{"name":"(anonymous_16)","decl":{"start":{"line":188,"column":0},"end":{"line":null,"column":-1}},"loc":{"start":{"line":188,"column":0},"end":{"line":189,"column":0}}},"15":{"name":"clearContent","decl":{"start":{"line":193,"column":0},"end":{"line":null,"column":-1}},"loc":{"start":{"line":193,"column":0},"end":{"line":200,"column":0}}},"16":{"name":"dropHandler","decl":{"start":{"line":201,"column":0},"end":{"line":null,"column":-1}},"loc":{"start":{"line":201,"column":0},"end":{"line":205,"column":0}}},"17":{"name":"readFile","decl":{"start":{"line":206,"column":0},"end":{"line":null,"column":-1}},"loc":{"start":{"line":206,"column":0},"end":{"line":220,"column":0}}},"18":{"name":"(anonymous_20)","decl":{"start":{"line":211,"column":0},"end":{"line":null,"column":-1}},"loc":{"start":{"line":211,"column":0},"end":{"line":218,"column":0}}},"19":{"name":"upload","decl":{"start":{"line":221,"column":0},"end":{"line":null,"column":-1}},"loc":{"start":{"line":221,"column":0},"end":{"line":224,"column":0}}},"20":{"name":"fileChange","decl":{"start":{"line":225,"column":0},"end":{"line":null,"column":-1}},"loc":{"start":{"line":225,"column":0},"end":{"line":228,"column":0}}},"21":{"name":"displayFileContent","decl":{"start":{"line":230,"column":0},"end":{"line":null,"column":-1}},"loc":{"start":{"line":230,"column":0},"end":{"line":237,"column":0}}},"22":{"name":"(anonymous_24)","decl":{"start":{"line":232,"column":0},"end":{"line":null,"column":-1}},"loc":{"start":{"line":232,"column":0},"end":{"line":234,"column":0}}},"23":{"name":"(anonymous_25)","decl":{"start":{"line":234,"column":0},"end":{"line":null,"column":-1}},"loc":{"start":{"line":234,"column":0},"end":{"line":236,"column":0}}},"24":{"name":"storeUserFileList","decl":{"start":{"line":239,"column":0},"end":{"line":null,"column":-1}},"loc":{"start":{"line":239,"column":0},"end":{"line":249,"column":0}}},"25":{"name":"(anonymous_27)","decl":{"start":{"line":241,"column":0},"end":{"line":null,"column":-1}},"loc":{"start":{"line":241,"column":0},"end":{"line":246,"column":0}}},"26":{"name":"(anonymous_28)","decl":{"start":{"line":246,"column":0},"end":{"line":null,"column":-1}},"loc":{"start":{"line":246,"column":0},"end":{"line":248,"column":0}}},"27":{"name":"displayNextFile","decl":{"start":{"line":250,"column":0},"end":{"line":null,"column":-1}},"loc":{"start":{"line":250,"column":0},"end":{"line":264,"column":0}}},"28":{"name":"displayPrevFile","decl":{"start":{"line":265,"column":0},"end":{"line":null,"column":-1}},"loc":{"start":{"line":265,"column":0},"end":{"line":284,"column":0}}},"29":{"name":"markDone","decl":{"start":{"line":285,"column":0},"end":{"line":null,"column":-1}},"loc":{"start":{"line":285,"column":0},"end":{"line":293,"column":0}}}},"branchMap":{"0":{"loc":{"start":{"line":112,"column":0},"end":{"line":null,"column":-1}},"type":"if","locations":[{"start":{"line":112,"column":0},"end":{"line":null,"column":-1}},{"start":{"line":112,"column":0},"end":{"line":null,"column":-1}}]},"1":{"loc":{"start":{"line":117,"column":0},"end":{"line":123,"column":0}},"type":"if","locations":[{"start":{"line":117,"column":0},"end":{"line":123,"column":0}},{"start":{"line":117,"column":0},"end":{"line":123,"column":0}}]},"2":{"loc":{"start":{"line":133,"column":0},"end":{"line":135,"column":0}},"type":"if","locations":[{"start":{"line":133,"column":0},"end":{"line":135,"column":0}},{"start":{"line":133,"column":0},"end":{"line":135,"column":0}}]},"3":{"loc":{"start":{"line":133,"column":0},"end":{"line":null,"column":-1}},"type":"binary-expr","locations":[{"start":{"line":133,"column":0},"end":{"line":null,"column":-1}},{"start":{"line":133,"column":0},"end":{"line":null,"column":-1}}]},"4":{"loc":{"start":{"line":139,"column":0},"end":{"line":145,"column":0}},"type":"if","locations":[{"start":{"line":139,"column":0},"end":{"line":145,"column":0}},{"start":{"line":139,"column":0},"end":{"line":145,"column":0}}]},"5":{"loc":{"start":{"line":163,"column":0},"end":{"line":167,"column":0}},"type":"if","locations":[{"start":{"line":163,"column":0},"end":{"line":167,"column":0}},{"start":{"line":163,"column":0},"end":{"line":167,"column":0}}]},"6":{"loc":{"start":{"line":165,"column":0},"end":{"line":167,"column":0}},"type":"if","locations":[{"start":{"line":165,"column":0},"end":{"line":167,"column":0}},{"start":{"line":165,"column":0},"end":{"line":167,"column":0}}]},"7":{"loc":{"start":{"line":208,"column":0},"end":{"line":219,"column":0}},"type":"if","locations":[{"start":{"line":208,"column":0},"end":{"line":219,"column":0}},{"start":{"line":208,"column":0},"end":{"line":219,"column":0}}]},"8":{"loc":{"start":{"line":212,"column":0},"end":{"line":null,"column":-1}},"type":"binary-expr","locations":[{"start":{"line":212,"column":0},"end":{"line":null,"column":-1}},{"start":{"line":212,"column":0},"end":{"line":null,"column":-1}}]},"9":{"loc":{"start":{"line":213,"column":0},"end":{"line":217,"column":0}},"type":"if","locations":[{"start":{"line":213,"column":0},"end":{"line":217,"column":0}},{"start":{"line":213,"column":0},"end":{"line":217,"column":0}}]},"10":{"loc":{"start":{"line":215,"column":0},"end":{"line":217,"column":0}},"type":"if","locations":[{"start":{"line":215,"column":0},"end":{"line":217,"column":0}},{"start":{"line":215,"column":0},"end":{"line":217,"column":0}}]},"11":{"loc":{"start":{"line":251,"column":0},"end":{"line":253,"column":0}},"type":"if","locations":[{"start":{"line":251,"column":0},"end":{"line":253,"column":0}},{"start":{"line":251,"column":0},"end":{"line":253,"column":0}}]},"12":{"loc":{"start":{"line":257,"column":0},"end":{"line":262,"column":0}},"type":"if","locations":[{"start":{"line":257,"column":0},"end":{"line":262,"column":0}},{"start":{"line":257,"column":0},"end":{"line":262,"column":0}}]},"13":{"loc":{"start":{"line":267,"column":0},"end":{"line":270,"column":0}},"type":"if","locations":[{"start":{"line":267,"column":0},"end":{"line":270,"column":0}},{"start":{"line":267,"column":0},"end":{"line":270,"column":0}}]},"14":{"loc":{"start":{"line":273,"column":0},"end":{"line":281,"column":0}},"type":"if","locations":[{"start":{"line":273,"column":0},"end":{"line":281,"column":0}},{"start":{"line":273,"column":0},"end":{"line":281,"column":0}}]},"15":{"loc":{"start":{"line":276,"column":0},"end":{"line":278,"column":0}},"type":"if","locations":[{"start":{"line":276,"column":0},"end":{"line":278,"column":0}},{"start":{"line":276,"column":0},"end":{"line":278,"column":0}}]},"16":{"loc":{"start":{"line":288,"column":0},"end":{"line":291,"column":0}},"type":"if","locations":[{"start":{"line":288,"column":0},"end":{"line":291,"column":0}},{"start":{"line":288,"column":0},"end":{"line":291,"column":0}}]}},"s":{"0":0,"1":0,"2":0,"3":0,"4":0,"5":0,"6":0,"7":0,"8":0,"9":0,"10":0,"11":0,"12":0,"13":0,"14":0,"15":0,"16":0,"17":0,"18":0,"19":0,"20":0,"21":0,"22":0,"23":0,"24":0,"25":0,"26":0,"27":0,"28":0,"29":0,"30":0,"31":0,"32":0,"33":0,"34":0,"35":0,"36":0,"37":0,"38":0,"39":0,"40":0,"41":0,"42":0,"43":0,"44":0,"45":0,"46":0,"47":0,"48":0,"49":0,"50":0,"51":0,"52":0,"53":0,"54":0,"55":0,"56":0,"57":0,"58":0,"59":0,"60":0,"61":0,"62":0,"63":0,"64":0,"65":0,"66":0,"67":0,"68":0,"69":0,"70":0,"71":0,"72":0,"73":0,"74":0,"75":0,"76":0,"77":0,"78":0,"79":0,"80":0,"81":0,"82":0,"83":0,"84":0,"85":0,"86":0,"87":0,"88":0,"89":0,"90":0,"91":0,"92":0,"93":0,"94":0,"95":0,"96":0,"97":0,"98":0,"99":0,"100":0,"101":0,"102":0,"103":0,"104":0,"105":0,"106":0,"107":0,"108":0,"109":0,"110":0,"111":0,"112":0,"113":0,"114":0,"115":0,"116":0},"f":{"0":0,"1":0,"2":0,"3":0,"4":0,"5":0,"6":0,"7":0,"8":0,"9":0,"10":0,"11":0,"12":0,"13":0,"14":0,"15":0,"16":0,"17":0,"18":0,"19":0,"20":0,"21":0,"22":0,"23":0,"24":0,"25":0,"26":0,"27":0,"28":0,"29":0},"b":{"0":[0,0],"1":[0,0],"2":[0,0],"3":[0,0],"4":[0,0],"5":[0,0],"6":[0,0],"7":[0,0],"8":[0,0],"9":[0,0],"10":[0,0],"11":[0,0],"12":[0,0],"13":[0,0],"14":[0,0],"15":[0,0],"16":[0,0]}}
,"/Users/zacharyliu/patsnap/litigation-assistant-local/src/components/Header.vue": {"path":"/Users/zacharyliu/patsnap/litigation-assistant-local/src/components/Header.vue","statementMap":{"0":{"start":{"line":16,"column":0},"end":{"line":null,"column":-1}},"1":{"start":{"line":21,"column":0},"end":{"line":null,"column":-1}},"2":{"start":{"line":25,"column":0},"end":{"line":28,"column":0}},"3":{"start":{"line":33,"column":0},"end":{"line":null,"column":-1}},"4":{"start":{"line":37,"column":0},"end":{"line":40,"column":0}},"5":{"start":{"line":45,"column":0},"end":{"line":null,"column":-1}},"6":{"start":{"line":50,"column":0},"end":{"line":null,"column":-1}}},"fnMap":{"0":{"name":"data","decl":{"start":{"line":49,"column":0},"end":{"line":null,"column":-1}},"loc":{"start":{"line":49,"column":0},"end":{"line":59,"column":0}}}},"branchMap":{},"s":{"0":0,"1":0,"2":0,"3":0,"4":0,"5":0,"6":0},"f":{"0":0},"b":{}}
,"/Users/zacharyliu/patsnap/litigation-assistant-local/src/constants/index.js": {"path":"/Users/zacharyliu/patsnap/litigation-assistant-local/src/constants/index.js","statementMap":{"0":{"start":{"line":1,"column":13},"end":{"line":1,"column":7}},"1":{"start":{"line":2,"column":13},"end":{"line":2,"column":7}},"2":{"start":{"line":3,"column":13},"end":{"line":3,"column":7}},"3":{"start":{"line":4,"column":13},"end":{"line":4,"column":7}}},"fnMap":{},"branchMap":{},"s":{"0":0,"1":0,"2":0,"3":0},"f":{},"b":{}}
,"/Users/zacharyliu/patsnap/litigation-assistant-local/src/directives/huaci.js": {"path":"/Users/zacharyliu/patsnap/litigation-assistant-local/src/directives/huaci.js","statementMap":{"0":{"start":{"line":2,"column":23},"end":{"line":2,"column":0}},"1":{"start":{"line":4,"column":13},"end":{"line":4,"column":7}},"2":{"start":{"line":6,"column":27},"end":{"line":6,"column":4}},"3":{"start":{"line":7,"column":24},"end":{"line":7,"column":6}},"4":{"start":{"line":8,"column":21},"end":{"line":8,"column":6}},"5":{"start":{"line":9,"column":29},"end":{"line":6,"column":38}},"6":{"start":{"line":10,"column":6},"end":{"line":16,"column":7}},"7":{"start":{"line":11,"column":8},"end":{"line":null,"column":-1}},"8":{"start":{"line":19,"column":4},"end":{"line":null,"column":-1}},"9":{"start":{"line":20,"column":4},"end":{"line":null,"column":-1}},"10":{"start":{"line":23,"column":4},"end":{"line":null,"column":-1}},"11":{"start":{"line":24,"column":4},"end":{"line":null,"column":-1}},"12":{"start":{"line":28,"column":16},"end":{"line":28,"column":0}},"13":{"start":{"line":29,"column":2},"end":{"line":null,"column":-1}}},"fnMap":{"0":{"name":"bind","decl":{"start":{"line":4,"column":25},"end":{"line":5,"column":6}},"loc":{"start":{"line":5,"column":20},"end":{"line":4,"column":25}}},"1":{"name":"mouseUpHandler","decl":{"start":{"line":6,"column":10},"end":{"line":6,"column":27}},"loc":{"start":{"line":6,"column":38},"end":{"line":6,"column":4}}},"2":{"name":"unbind","decl":{"start":{"line":4,"column":25},"end":{"line":22,"column":8}},"loc":{"start":{"line":22,"column":13},"end":{"line":4,"column":25}}},"3":{"name":"install","decl":{"start":{"line":28,"column":6},"end":{"line":28,"column":16}},"loc":{"start":{"line":28,"column":25},"end":{"line":28,"column":0}}}},"branchMap":{"0":{"loc":{"start":{"line":10,"column":6},"end":{"line":16,"column":7}},"type":"if","locations":[{"start":{"line":10,"column":6},"end":{"line":16,"column":7}},{"start":{"line":10,"column":6},"end":{"line":16,"column":7}}]}},"s":{"0":0,"1":0,"2":0,"3":0,"4":0,"5":0,"6":0,"7":0,"8":0,"9":0,"10":0,"11":0,"12":0,"13":0},"f":{"0":0,"1":0,"2":0,"3":0},"b":{"0":[0,0]}}
,"/Users/zacharyliu/patsnap/litigation-assistant-local/src/mock/index.js": {"path":"/Users/zacharyliu/patsnap/litigation-assistant-local/src/mock/index.js","statementMap":{"0":{"start":{"line":1,"column":0},"end":{"line":null,"column":-1}}},"fnMap":{},"branchMap":{},"s":{"0":0},"f":{},"b":{}}
,"/Users/zacharyliu/patsnap/litigation-assistant-local/src/mock/mock.js": {"path":"/Users/zacharyliu/patsnap/litigation-assistant-local/src/mock/mock.js","statementMap":{"0":{"start":{"line":2,"column":0},"end":{"line":null,"column":-1}},"1":{"start":{"line":3,"column":0},"end":{"line":null,"column":-1}},"2":{"start":{"line":5,"column":0},"end":{"line":null,"column":-1}},"3":{"start":{"line":7,"column":13},"end":{"line":7,"column":0}},"4":{"start":{"line":9,"column":13},"end":{"line":9,"column":0}},"5":{"start":{"line":10,"column":20},"end":{"line":10,"column":0}},"6":{"start":{"line":19,"column":4},"end":{"line":null,"column":-1}},"7":{"start":{"line":20,"column":25},"end":{"line":19,"column":49}},"8":{"start":{"line":21,"column":24},"end":{"line":21,"column":6}},"9":{"start":{"line":23,"column":8},"end":{"line":23,"column":54}},"10":{"start":{"line":23,"column":54},"end":{"line":null,"column":-1}},"11":{"start":{"line":24,"column":8},"end":{"line":null,"column":-1}},"12":{"start":{"line":26,"column":6},"end":{"line":null,"column":-1}},"13":{"start":{"line":27,"column":8},"end":{"line":null,"column":-1}},"14":{"start":{"line":28,"column":10},"end":{"line":null,"column":-1}},"15":{"start":{"line":39,"column":4},"end":{"line":null,"column":-1}},"16":{"start":{"line":40,"column":25},"end":{"line":39,"column":49}},"17":{"start":{"line":41,"column":28},"end":{"line":41,"column":6}},"18":{"start":{"line":42,"column":6},"end":{"line":46,"column":7}},"19":{"start":{"line":43,"column":8},"end":{"line":42,"column":36}},"20":{"start":{"line":44,"column":10},"end":{"line":null,"column":-1}},"21":{"start":{"line":47,"column":6},"end":{"line":null,"column":-1}},"22":{"start":{"line":48,"column":8},"end":{"line":null,"column":-1}},"23":{"start":{"line":49,"column":10},"end":{"line":null,"column":-1}}},"fnMap":{"0":{"name":"bootstrap","decl":{"start":{"line":11,"column":15},"end":{"line":16,"column":13}},"loc":{"start":{"line":16,"column":14},"end":{"line":11,"column":15}}},"1":{"name":"(anonymous_2)","decl":{"start":{"line":19,"column":39},"end":{"line":19,"column":48}},"loc":{"start":{"line":19,"column":49},"end":{"line":19,"column":4}}},"2":{"name":"(anonymous_3)","decl":{"start":{"line":21,"column":38},"end":{"line":21,"column":45}},"loc":{"start":{"line":21,"column":46},"end":{"line":21,"column":24}}},"3":{"name":"(anonymous_4)","decl":{"start":{"line":26,"column":25},"end":{"line":26,"column":25}},"loc":{"start":{"line":26,"column":46},"end":{"line":26,"column":13}}},"4":{"name":"(anonymous_5)","decl":{"start":{"line":27,"column":19},"end":{"line":27,"column":24}},"loc":{"start":{"line":27,"column":25},"end":{"line":27,"column":8}}},"5":{"name":"(anonymous_6)","decl":{"start":{"line":39,"column":39},"end":{"line":39,"column":48}},"loc":{"start":{"line":39,"column":49},"end":{"line":39,"column":4}}},"6":{"name":"(anonymous_7)","decl":{"start":{"line":47,"column":25},"end":{"line":47,"column":25}},"loc":{"start":{"line":47,"column":46},"end":{"line":47,"column":13}}},"7":{"name":"(anonymous_8)","decl":{"start":{"line":48,"column":19},"end":{"line":48,"column":24}},"loc":{"start":{"line":48,"column":25},"end":{"line":48,"column":8}}}},"branchMap":{"0":{"loc":{"start":{"line":23,"column":8},"end":{"line":23,"column":54}},"type":"if","locations":[{"start":{"line":23,"column":8},"end":{"line":23,"column":54}},{"start":{"line":23,"column":8},"end":{"line":23,"column":54}}]},"1":{"loc":{"start":{"line":23,"column":12},"end":{"line":23,"column":25}},"type":"binary-expr","locations":[{"start":{"line":23,"column":12},"end":{"line":23,"column":25}},{"start":{"line":23,"column":26},"end":{"line":23,"column":8}}]},"2":{"loc":{"start":{"line":43,"column":8},"end":{"line":42,"column":36}},"type":"if","locations":[{"start":{"line":43,"column":8},"end":{"line":42,"column":36}},{"start":{"line":43,"column":8},"end":{"line":42,"column":36}}]},"3":{"loc":{"start":{"line":43,"column":11},"end":{"line":43,"column":24}},"type":"binary-expr","locations":[{"start":{"line":43,"column":11},"end":{"line":43,"column":24}},{"start":{"line":43,"column":25},"end":{"line":43,"column":8}}]}},"s":{"0":0,"1":0,"2":0,"3":0,"4":0,"5":0,"6":0,"7":0,"8":0,"9":0,"10":0,"11":0,"12":0,"13":0,"14":0,"15":0,"16":0,"17":0,"18":0,"19":0,"20":0,"21":0,"22":0,"23":0},"f":{"0":0,"1":0,"2":0,"3":0,"4":0,"5":0,"6":0,"7":0},"b":{"0":[0,0],"1":[0,0],"2":[0,0],"3":[0,0]}}
,"/Users/zacharyliu/patsnap/litigation-assistant-local/src/mock/data/files.js": {"path":"/Users/zacharyliu/patsnap/litigation-assistant-local/src/mock/data/files.js","statementMap":{"0":{"start":{"line":2,"column":0},"end":{"line":null,"column":-1}},"1":{"start":{"line":4,"column":12},"end":{"line":4,"column":0}},"2":{"start":{"line":10,"column":0},"end":{"line":16,"column":1}},"3":{"start":{"line":11,"column":2},"end":{"line":null,"column":-1}},"4":{"start":{"line":18,"column":12},"end":{"line":18,"column":0}},"5":{"start":{"line":23,"column":0},"end":{"line":28,"column":1}},"6":{"start":{"line":24,"column":2},"end":{"line":null,"column":-1}},"7":{"start":{"line":30,"column":19},"end":{"line":30,"column":0}},"8":{"start":{"line":33,"column":14},"end":{"line":33,"column":2}},"9":{"start":{"line":34,"column":13},"end":{"line":34,"column":2}},"10":{"start":{"line":35,"column":2},"end":{"line":32,"column":29}},"11":{"start":{"line":36,"column":2},"end":{"line":45,"column":3}},"12":{"start":{"line":37,"column":4},"end":{"line":null,"column":-1}},"13":{"start":{"line":41,"column":4},"end":{"line":null,"column":-1}},"14":{"start":{"line":42,"column":4},"end":{"line":44,"column":5}},"15":{"start":{"line":43,"column":6},"end":{"line":null,"column":-1}}},"fnMap":{},"branchMap":{"0":{"loc":{"start":{"line":42,"column":4},"end":{"line":44,"column":5}},"type":"if","locations":[{"start":{"line":42,"column":4},"end":{"line":44,"column":5}},{"start":{"line":42,"column":4},"end":{"line":44,"column":5}}]}},"s":{"0":0,"1":0,"2":0,"3":0,"4":0,"5":0,"6":0,"7":0,"8":0,"9":0,"10":0,"11":0,"12":0,"13":0,"14":0,"15":0},"f":{},"b":{"0":[0,0]}}
,"/Users/zacharyliu/patsnap/litigation-assistant-local/src/readers/html-reader.js": {"path":"/Users/zacharyliu/patsnap/litigation-assistant-local/src/readers/html-reader.js","statementMap":{"0":{"start":{"line":1,"column":11},"end":{"line":1,"column":0}},"1":{"start":{"line":4,"column":17},"end":{"line":4,"column":2}},"2":{"start":{"line":3,"column":25},"end":{"line":9,"column":10}},"3":{"start":{"line":3,"column":25},"end":{"line":null,"column":-1}},"4":{"start":{"line":10,"column":2},"end":{"line":null,"column":-1}}},"fnMap":{},"branchMap":{"0":{"loc":{"start":{"line":4,"column":17},"end":{"line":7,"column":17}},"type":"binary-expr","locations":[{"start":{"line":4,"column":17},"end":{"line":7,"column":17}},{"start":{"line":7,"column":18},"end":{"line":4,"column":2}}]}},"s":{"0":0,"1":0,"2":0,"3":0,"4":0},"f":{},"b":{"0":[0,0]}}
,"/Users/zacharyliu/patsnap/litigation-assistant-local/src/readers/json-reader.js": {"path":"/Users/zacharyliu/patsnap/litigation-assistant-local/src/readers/json-reader.js","statementMap":{"0":{"start":{"line":1,"column":11},"end":{"line":1,"column":0}},"1":{"start":{"line":2,"column":17},"end":{"line":2,"column":0}},"2":{"start":{"line":4,"column":13},"end":{"line":4,"column":0}},"3":{"start":{"line":4,"column":13},"end":{"line":4,"column":-1}},"4":{"start":{"line":4,"column":48},"end":{"line":4,"column":23}},"5":{"start":{"line":7,"column":17},"end":{"line":7,"column":2}},"6":{"start":{"line":10,"column":14},"end":{"line":10,"column":2}},"7":{"start":{"line":11,"column":2},"end":{"line":null,"column":-1}},"8":{"start":{"line":12,"column":25},"end":{"line":11,"column":26}},"9":{"start":{"line":11,"column":26},"end":{"line":12,"column":12}},"10":{"start":{"line":11,"column":26},"end":{"line":12,"column":17}},"11":{"start":{"line":11,"column":26},"end":{"line":null,"column":-1}},"12":{"start":{"line":13,"column":4},"end":{"line":17,"column":5}},"13":{"start":{"line":14,"column":6},"end":{"line":null,"column":-1}},"14":{"start":{"line":16,"column":6},"end":{"line":null,"column":-1}},"15":{"start":{"line":19,"column":2},"end":{"line":null,"column":-1}}},"fnMap":{"0":{"name":"html","decl":{"start":{"line":4,"column":6},"end":{"line":4,"column":13}},"loc":{"start":{"line":4,"column":13},"end":{"line":4,"column":0}}},"1":{"name":"(anonymous_2)","decl":{"start":{"line":4,"column":48},"end":{"line":4,"column":76}},"loc":{"start":{"line":4,"column":48},"end":{"line":4,"column":24}}},"2":{"name":"(anonymous_4)","decl":{"start":{"line":11,"column":17},"end":{"line":11,"column":25}},"loc":{"start":{"line":11,"column":26},"end":{"line":11,"column":2}}}},"branchMap":{"0":{"loc":{"start":{"line":7,"column":17},"end":{"line":8,"column":34}},"type":"binary-expr","locations":[{"start":{"line":7,"column":17},"end":{"line":8,"column":34}},{"start":{"line":8,"column":35},"end":{"line":7,"column":2}}]},"1":{"loc":{"start":{"line":13,"column":4},"end":{"line":17,"column":5}},"type":"if","locations":[{"start":{"line":13,"column":4},"end":{"line":17,"column":5}},{"start":{"line":13,"column":4},"end":{"line":17,"column":5}}]}},"s":{"0":0,"1":0,"2":0,"3":0,"4":0,"5":0,"6":0,"7":0,"8":0,"9":0,"10":0,"11":0,"12":0,"13":0,"14":0,"15":0},"f":{"0":0,"1":0,"2":0},"b":{"0":[0,0],"1":[0,0]}}
,"/Users/zacharyliu/patsnap/litigation-assistant-local/src/utils/file.js": {"path":"/Users/zacharyliu/patsnap/litigation-assistant-local/src/utils/file.js","statementMap":{"0":{"start":{"line":1,"column":13},"end":{"line":1,"column":7}},"1":{"start":{"line":3,"column":18},"end":{"line":3,"column":2}},"2":{"start":{"line":4,"column":2},"end":{"line":null,"column":-1}},"3":{"start":{"line":5,"column":2},"end":{"line":null,"column":-1}},"4":{"start":{"line":7,"column":15},"end":{"line":7,"column":2}},"5":{"start":{"line":8,"column":2},"end":{"line":null,"column":-1}},"6":{"start":{"line":10,"column":2},"end":{"line":null,"column":-1}},"7":{"start":{"line":11,"column":2},"end":{"line":null,"column":-1}},"8":{"start":{"line":13,"column":2},"end":{"line":null,"column":-1}},"9":{"start":{"line":16,"column":13},"end":{"line":16,"column":7}},"10":{"start":{"line":17,"column":18},"end":{"line":17,"column":2}},"11":{"start":{"line":18,"column":16},"end":{"line":18,"column":4}},"12":{"start":{"line":19,"column":4},"end":{"line":null,"column":-1}},"13":{"start":{"line":20,"column":4},"end":{"line":null,"column":-1}},"14":{"start":{"line":21,"column":4},"end":{"line":null,"column":-1}},"15":{"start":{"line":22,"column":20},"end":{"line":22,"column":4}},"16":{"start":{"line":23,"column":19},"end":{"line":23,"column":6}},"17":{"start":{"line":24,"column":6},"end":{"line":null,"column":-1}},"18":{"start":{"line":25,"column":6},"end":{"line":null,"column":-1}},"19":{"start":{"line":26,"column":6},"end":{"line":null,"column":-1}},"20":{"start":{"line":27,"column":6},"end":{"line":null,"column":-1}},"21":{"start":{"line":29,"column":4},"end":{"line":null,"column":-1}},"22":{"start":{"line":30,"column":4},"end":{"line":null,"column":-1}},"23":{"start":{"line":32,"column":2},"end":{"line":null,"column":-1}},"24":{"start":{"line":35,"column":13},"end":{"line":35,"column":7}},"25":{"start":{"line":35,"column":20},"end":{"line":35,"column":6}},"26":{"start":{"line":36,"column":17},"end":{"line":36,"column":2}},"27":{"start":{"line":37,"column":2},"end":{"line":null,"column":-1}},"28":{"start":{"line":38,"column":2},"end":{"line":null,"column":-1}},"29":{"start":{"line":39,"column":4},"end":{"line":null,"column":-1}}},"fnMap":{"0":{"name":"save","decl":{"start":{"line":1,"column":13},"end":{"line":1,"column":20}},"loc":{"start":{"line":1,"column":43},"end":{"line":1,"column":7}}},"1":{"name":"upload","decl":{"start":{"line":16,"column":13},"end":{"line":16,"column":22}},"loc":{"start":{"line":16,"column":28},"end":{"line":16,"column":7}}},"2":{"name":"(anonymous_3)","decl":{"start":{"line":17,"column":30},"end":{"line":17,"column":30}},"loc":{"start":{"line":17,"column":43},"end":{"line":17,"column":18}}},"3":{"name":"handler","decl":{"start":{"line":22,"column":10},"end":{"line":22,"column":20}},"loc":{"start":{"line":22,"column":27},"end":{"line":22,"column":4}}},"4":{"name":"read","decl":{"start":{"line":35,"column":13},"end":{"line":35,"column":20}},"loc":{"start":{"line":35,"column":20},"end":{"line":35,"column":7}}},"5":{"name":"(anonymous_6)","decl":{"start":{"line":35,"column":42},"end":{"line":35,"column":42}},"loc":{"start":{"line":35,"column":55},"end":{"line":35,"column":30}}},"6":{"name":"(anonymous_7)","decl":{"start":{"line":38,"column":18},"end":{"line":38,"column":18}},"loc":{"start":{"line":38,"column":26},"end":{"line":38,"column":2}}}},"branchMap":{},"s":{"0":0,"1":0,"2":0,"3":0,"4":0,"5":0,"6":0,"7":0,"8":0,"9":0,"10":0,"11":0,"12":0,"13":0,"14":0,"15":0,"16":0,"17":0,"18":0,"19":0,"20":0,"21":0,"22":0,"23":0,"24":0,"25":0,"26":0,"27":0,"28":0,"29":0},"f":{"0":0,"1":0,"2":0,"3":0,"4":0,"5":0,"6":0},"b":{}}
,"/Users/zacharyliu/patsnap/litigation-assistant-local/src/utils/object.js": {"path":"/Users/zacharyliu/patsnap/litigation-assistant-local/src/utils/object.js","statementMap":{"0":{"start":{"line":1,"column":0},"end":{"line":null,"column":-1}},"1":{"start":{"line":3,"column":13},"end":{"line":3,"column":7}},"2":{"start":{"line":4,"column":15},"end":{"line":4,"column":2}},"3":{"start":{"line":5,"column":14},"end":{"line":5,"column":2}},"4":{"start":{"line":6,"column":2},"end":{"line":null,"column":-1}},"5":{"start":{"line":7,"column":4},"end":{"line":null,"column":-1}},"6":{"start":{"line":9,"column":2},"end":{"line":null,"column":-1}},"7":{"start":{"line":12,"column":13},"end":{"line":12,"column":7}},"8":{"start":{"line":13,"column":14},"end":{"line":13,"column":2}},"9":{"start":{"line":14,"column":15},"end":{"line":14,"column":2}},"10":{"start":{"line":15,"column":2},"end":{"line":null,"column":-1}},"11":{"start":{"line":16,"column":18},"end":{"line":16,"column":4}},"12":{"start":{"line":17,"column":4},"end":{"line":27,"column":5}},"13":{"start":{"line":18,"column":6},"end":{"line":null,"column":-1}},"14":{"start":{"line":19,"column":8},"end":{"line":null,"column":-1}},"15":{"start":{"line":21,"column":11},"end":{"line":27,"column":5}},"16":{"start":{"line":22,"column":6},"end":{"line":null,"column":-1}},"17":{"start":{"line":23,"column":8},"end":{"line":null,"column":-1}},"18":{"start":{"line":26,"column":6},"end":{"line":null,"column":-1}},"19":{"start":{"line":29,"column":2},"end":{"line":null,"column":-1}}},"fnMap":{"0":{"name":"up","decl":{"start":{"line":3,"column":13},"end":{"line":3,"column":18}},"loc":{"start":{"line":3,"column":28},"end":{"line":3,"column":7}}},"1":{"name":"(anonymous_2)","decl":{"start":{"line":6,"column":15},"end":{"line":6,"column":21}},"loc":{"start":{"line":6,"column":22},"end":{"line":6,"column":2}}},"2":{"name":"down","decl":{"start":{"line":12,"column":13},"end":{"line":12,"column":20}},"loc":{"start":{"line":12,"column":36},"end":{"line":12,"column":7}}},"3":{"name":"(anonymous_4)","decl":{"start":{"line":15,"column":15},"end":{"line":15,"column":21}},"loc":{"start":{"line":15,"column":22},"end":{"line":15,"column":2}}},"4":{"name":"(anonymous_5)","decl":{"start":{"line":18,"column":20},"end":{"line":18,"column":20}},"loc":{"start":{"line":18,"column":37},"end":{"line":18,"column":6}}},"5":{"name":"(anonymous_6)","decl":{"start":{"line":22,"column":33},"end":{"line":22,"column":37}},"loc":{"start":{"line":22,"column":38},"end":{"line":22,"column":6}}}},"branchMap":{"0":{"loc":{"start":{"line":13,"column":14},"end":{"line":13,"column":21}},"type":"binary-expr","locations":[{"start":{"line":13,"column":14},"end":{"line":13,"column":21}},{"start":{"line":13,"column":22},"end":{"line":13,"column":2}}]},"1":{"loc":{"start":{"line":17,"column":4},"end":{"line":27,"column":5}},"type":"if","locations":[{"start":{"line":17,"column":4},"end":{"line":27,"column":5}},{"start":{"line":17,"column":4},"end":{"line":27,"column":5}}]},"2":{"loc":{"start":{"line":21,"column":11},"end":{"line":27,"column":5}},"type":"if","locations":[{"start":{"line":21,"column":11},"end":{"line":27,"column":5}},{"start":{"line":21,"column":11},"end":{"line":27,"column":5}}]}},"s":{"0":0,"1":0,"2":0,"3":0,"4":0,"5":0,"6":0,"7":0,"8":0,"9":0,"10":0,"11":0,"12":0,"13":0,"14":0,"15":0,"16":0,"17":0,"18":0,"19":0},"f":{"0":0,"1":0,"2":0,"3":0,"4":0,"5":0},"b":{"0":[0,0],"1":[0,0],"2":[0,0]}}
,"/Users/zacharyliu/patsnap/litigation-assistant-local/src/utils/storage.js": {"path":"/Users/zacharyliu/patsnap/litigation-assistant-local/src/utils/storage.js","statementMap":{"0":{"start":{"line":1,"column":14},"end":{"line":1,"column":0}},"1":{"start":{"line":1,"column":14},"end":{"line":1,"column":-1}},"2":{"start":{"line":3,"column":20},"end":{"line":3,"column":4}},"3":{"start":{"line":4,"column":18},"end":{"line":4,"column":4}},"4":{"start":{"line":5,"column":4},"end":{"line":10,"column":5}},"5":{"start":{"line":6,"column":6},"end":{"line":null,"column":-1}},"6":{"start":{"line":8,"column":6},"end":{"line":null,"column":-1}},"7":{"start":{"line":9,"column":6},"end":{"line":null,"column":-1}},"8":{"start":{"line":13,"column":4},"end":{"line":null,"column":-1}},"9":{"start":{"line":14,"column":4},"end":{"line":null,"column":-1}},"10":{"start":{"line":17,"column":4},"end":{"line":null,"column":-1}},"11":{"start":{"line":18,"column":4},"end":{"line":null,"column":-1}}},"fnMap":{"0":{"name":"Store","decl":{"start":{"line":1,"column":6},"end":{"line":1,"column":14}},"loc":{"start":{"line":1,"column":14},"end":{"line":1,"column":0}}},"1":{"name":"get","decl":{"start":{"line":1,"column":27},"end":{"line":2,"column":5}},"loc":{"start":{"line":2,"column":25},"end":{"line":1,"column":27}}},"2":{"name":"set","decl":{"start":{"line":1,"column":27},"end":{"line":12,"column":5}},"loc":{"start":{"line":12,"column":18},"end":{"line":1,"column":27}}},"3":{"name":"remove","decl":{"start":{"line":1,"column":27},"end":{"line":16,"column":8}},"loc":{"start":{"line":16,"column":14},"end":{"line":1,"column":27}}}},"branchMap":{"0":{"loc":{"start":{"line":4,"column":18},"end":{"line":4,"column":47}},"type":"binary-expr","locations":[{"start":{"line":4,"column":18},"end":{"line":4,"column":47}},{"start":{"line":4,"column":48},"end":{"line":4,"column":4}}]}},"s":{"0":0,"1":0,"2":0,"3":0,"4":0,"5":0,"6":0,"7":0,"8":0,"9":0,"10":0,"11":0},"f":{"0":0,"1":0,"2":0,"3":0},"b":{"0":[0,0]}}
,"/Users/zacharyliu/patsnap/litigation-assistant-local/src/views/Welcome.vue": {"path":"/Users/zacharyliu/patsnap/litigation-assistant-local/src/views/Welcome.vue","statementMap":{"0":{"start":{"line":48,"column":0},"end":{"line":null,"column":-1}},"1":{"start":{"line":49,"column":0},"end":{"line":null,"column":-1}},"2":{"start":{"line":50,"column":0},"end":{"line":null,"column":-1}},"3":{"start":{"line":51,"column":0},"end":{"line":null,"column":-1}},"4":{"start":{"line":52,"column":0},"end":{"line":null,"column":-1}},"5":{"start":{"line":53,"column":0},"end":{"line":null,"column":-1}},"6":{"start":{"line":54,"column":0},"end":{"line":null,"column":-1}},"7":{"start":{"line":55,"column":0},"end":{"line":null,"column":-1}},"8":{"start":{"line":56,"column":0},"end":{"line":null,"column":-1}},"9":{"start":{"line":62,"column":0},"end":{"line":71,"column":0}},"10":{"start":{"line":63,"column":0},"end":{"line":null,"column":-1}},"11":{"start":{"line":64,"column":0},"end":{"line":69,"column":0}},"12":{"start":{"line":65,"column":0},"end":{"line":null,"column":-1}},"13":{"start":{"line":66,"column":0},"end":{"line":68,"column":0}},"14":{"start":{"line":67,"column":0},"end":{"line":null,"column":-1}},"15":{"start":{"line":70,"column":0},"end":{"line":null,"column":-1}},"16":{"start":{"line":81,"column":0},"end":{"line":null,"column":-1}},"17":{"start":{"line":91,"column":0},"end":{"line":null,"column":-1}},"18":{"start":{"line":92,"column":0},"end":{"line":null,"column":-1}},"19":{"start":{"line":93,"column":0},"end":{"line":null,"column":-1}},"20":{"start":{"line":94,"column":0},"end":{"line":97,"column":0}},"21":{"start":{"line":95,"column":0},"end":{"line":null,"column":-1}},"22":{"start":{"line":96,"column":0},"end":{"line":null,"column":-1}},"23":{"start":{"line":98,"column":0},"end":{"line":102,"column":0}},"24":{"start":{"line":99,"column":0},"end":{"line":null,"column":-1}},"25":{"start":{"line":100,"column":0},"end":{"line":null,"column":-1}},"26":{"start":{"line":101,"column":0},"end":{"line":null,"column":-1}},"27":{"start":{"line":105,"column":0},"end":{"line":null,"column":-1}},"28":{"start":{"line":106,"column":0},"end":{"line":null,"column":-1}},"29":{"start":{"line":109,"column":0},"end":{"line":null,"column":-1}},"30":{"start":{"line":110,"column":0},"end":{"line":null,"column":-1}},"31":{"start":{"line":111,"column":0},"end":{"line":113,"column":0}},"32":{"start":{"line":112,"column":0},"end":{"line":null,"column":-1}},"33":{"start":{"line":114,"column":0},"end":{"line":116,"column":0}},"34":{"start":{"line":115,"column":0},"end":{"line":null,"column":-1}},"35":{"start":{"line":117,"column":0},"end":{"line":null,"column":-1}},"36":{"start":{"line":118,"column":0},"end":{"line":null,"column":-1}},"37":{"start":{"line":120,"column":0},"end":{"line":null,"column":-1}},"38":{"start":{"line":121,"column":0},"end":{"line":null,"column":-1}},"39":{"start":{"line":122,"column":0},"end":{"line":null,"column":-1}},"40":{"start":{"line":123,"column":0},"end":{"line":null,"column":-1}},"41":{"start":{"line":120,"column":0},"end":{"line":124,"column":0}},"42":{"start":{"line":124,"column":0},"end":{"line":null,"column":-1}},"43":{"start":{"line":126,"column":0},"end":{"line":null,"column":-1}},"44":{"start":{"line":127,"column":0},"end":{"line":null,"column":-1}},"45":{"start":{"line":128,"column":0},"end":{"line":null,"column":-1}},"46":{"start":{"line":129,"column":0},"end":{"line":null,"column":-1}},"47":{"start":{"line":130,"column":0},"end":{"line":null,"column":-1}},"48":{"start":{"line":133,"column":0},"end":{"line":null,"column":-1}},"49":{"start":{"line":134,"column":0},"end":{"line":null,"column":-1}},"50":{"start":{"line":136,"column":0},"end":{"line":null,"column":-1}},"51":{"start":{"line":138,"column":0},"end":{"line":null,"column":-1}},"52":{"start":{"line":139,"column":0},"end":{"line":null,"column":-1}},"53":{"start":{"line":136,"column":0},"end":{"line":141,"column":0}},"54":{"start":{"line":141,"column":0},"end":{"line":null,"column":-1}},"55":{"start":{"line":145,"column":0},"end":{"line":null,"column":-1}},"56":{"start":{"line":147,"column":0},"end":{"line":null,"column":-1}},"57":{"start":{"line":148,"column":0},"end":{"line":null,"column":-1}},"58":{"start":{"line":150,"column":0},"end":{"line":null,"column":-1}},"59":{"start":{"line":152,"column":0},"end":{"line":null,"column":-1}},"60":{"start":{"line":153,"column":0},"end":{"line":null,"column":-1}},"61":{"start":{"line":154,"column":0},"end":{"line":null,"column":-1}},"62":{"start":{"line":155,"column":0},"end":{"line":null,"column":-1}},"63":{"start":{"line":156,"column":0},"end":{"line":null,"column":-1}},"64":{"start":{"line":157,"column":0},"end":{"line":null,"column":-1}},"65":{"start":{"line":158,"column":0},"end":{"line":null,"column":-1}},"66":{"start":{"line":162,"column":0},"end":{"line":null,"column":-1}}},"fnMap":{"0":{"name":"match","decl":{"start":{"line":62,"column":0},"end":{"line":null,"column":-1}},"loc":{"start":{"line":62,"column":0},"end":{"line":71,"column":0}}},"1":{"name":"data","decl":{"start":{"line":80,"column":0},"end":{"line":null,"column":-1}},"loc":{"start":{"line":80,"column":0},"end":{"line":90,"column":0}}},"2":{"name":"mounted","decl":{"start":{"line":91,"column":0},"end":{"line":null,"column":-1}},"loc":{"start":{"line":91,"column":0},"end":{"line":103,"column":0}}},"3":{"name":"(anonymous_5)","decl":{"start":{"line":94,"column":0},"end":{"line":null,"column":-1}},"loc":{"start":{"line":94,"column":0},"end":{"line":97,"column":0}}},"4":{"name":"(anonymous_6)","decl":{"start":{"line":98,"column":0},"end":{"line":null,"column":-1}},"loc":{"start":{"line":98,"column":0},"end":{"line":102,"column":0}}},"5":{"name":"destroyed","decl":{"start":{"line":104,"column":0},"end":{"line":null,"column":-1}},"loc":{"start":{"line":104,"column":0},"end":{"line":107,"column":0}}},"6":{"name":"huaciHandler","decl":{"start":{"line":109,"column":0},"end":{"line":null,"column":-1}},"loc":{"start":{"line":109,"column":0},"end":{"line":119,"column":0}}},"7":{"name":"spotlightService","decl":{"start":{"line":120,"column":0},"end":{"line":null,"column":-1}},"loc":{"start":{"line":120,"column":0},"end":{"line":125,"column":0}}},"8":{"name":"loadData","decl":{"start":{"line":126,"column":0},"end":{"line":null,"column":-1}},"loc":{"start":{"line":126,"column":0},"end":{"line":131,"column":0}}},"9":{"name":"loadLocalData","decl":{"start":{"line":132,"column":0},"end":{"line":null,"column":-1}},"loc":{"start":{"line":132,"column":0},"end":{"line":135,"column":0}}},"10":{"name":"exportData","decl":{"start":{"line":136,"column":0},"end":{"line":null,"column":-1}},"loc":{"start":{"line":136,"column":0},"end":{"line":149,"column":0}}},"11":{"name":"saveData","decl":{"start":{"line":150,"column":0},"end":{"line":null,"column":-1}},"loc":{"start":{"line":150,"column":0},"end":{"line":163,"column":0}}}},"branchMap":{"0":{"loc":{"start":{"line":66,"column":0},"end":{"line":68,"column":0}},"type":"if","locations":[{"start":{"line":66,"column":0},"end":{"line":68,"column":0}},{"start":{"line":66,"column":0},"end":{"line":68,"column":0}}]},"1":{"loc":{"start":{"line":99,"column":0},"end":{"line":null,"column":-1}},"type":"if","locations":[{"start":{"line":99,"column":0},"end":{"line":null,"column":-1}},{"start":{"line":99,"column":0},"end":{"line":null,"column":-1}}]},"2":{"loc":{"start":{"line":111,"column":0},"end":{"line":113,"column":0}},"type":"if","locations":[{"start":{"line":111,"column":0},"end":{"line":113,"column":0}},{"start":{"line":111,"column":0},"end":{"line":113,"column":0}}]},"3":{"loc":{"start":{"line":114,"column":0},"end":{"line":116,"column":0}},"type":"if","locations":[{"start":{"line":114,"column":0},"end":{"line":116,"column":0}},{"start":{"line":114,"column":0},"end":{"line":116,"column":0}}]},"4":{"loc":{"start":{"line":120,"column":0},"end":{"line":null,"column":-1}},"type":"switch","locations":[{"start":{"line":120,"column":0},"end":{"line":null,"column":-1}},{"start":{"line":120,"column":0},"end":{"line":124,"column":0}},{"start":{"line":120,"column":0},"end":{"line":null,"column":-1}},{"start":{"line":120,"column":0},"end":{"line":null,"column":-1}}]},"5":{"loc":{"start":{"line":126,"column":0},"end":{"line":null,"column":-1}},"type":"switch","locations":[{"start":{"line":126,"column":0},"end":{"line":null,"column":-1}},{"start":{"line":126,"column":0},"end":{"line":null,"column":-1}},{"start":{"line":126,"column":0},"end":{"line":130,"column":0}},{"start":{"line":126,"column":0},"end":{"line":null,"column":-1}},{"start":{"line":126,"column":0},"end":{"line":null,"column":-1}}]},"6":{"loc":{"start":{"line":136,"column":0},"end":{"line":141,"column":0}},"type":"switch","locations":[{"start":{"line":136,"column":0},"end":{"line":141,"column":0}},{"start":{"line":136,"column":0},"end":{"line":145,"column":0}},{"start":{"line":136,"column":0},"end":{"line":148,"column":0}},{"start":{"line":136,"column":0},"end":{"line":null,"column":-1}},{"start":{"line":136,"column":0},"end":{"line":null,"column":-1}}]},"7":{"loc":{"start":{"line":136,"column":0},"end":{"line":null,"column":-1}},"type":"if","locations":[{"start":{"line":136,"column":0},"end":{"line":null,"column":-1}},{"start":{"line":136,"column":0},"end":{"line":null,"column":-1}}]},"8":{"loc":{"start":{"line":152,"column":0},"end":{"line":null,"column":-1}},"type":"if","locations":[{"start":{"line":152,"column":0},"end":{"line":null,"column":-1}},{"start":{"line":152,"column":0},"end":{"line":null,"column":-1}}]},"9":{"loc":{"start":{"line":156,"column":0},"end":{"line":null,"column":-1}},"type":"cond-expr","locations":[{"start":{"line":156,"column":0},"end":{"line":null,"column":-1}},{"start":{"line":156,"column":0},"end":{"line":null,"column":-1}}]}},"s":{"0":0,"1":0,"2":0,"3":0,"4":0,"5":0,"6":0,"7":0,"8":0,"9":0,"10":0,"11":0,"12":0,"13":0,"14":0,"15":0,"16":0,"17":0,"18":0,"19":0,"20":0,"21":0,"22":0,"23":0,"24":0,"25":0,"26":0,"27":0,"28":0,"29":0,"30":0,"31":0,"32":0,"33":0,"34":0,"35":0,"36":0,"37":0,"38":0,"39":0,"40":0,"41":0,"42":0,"43":0,"44":0,"45":0,"46":0,"47":0,"48":0,"49":0,"50":0,"51":0,"52":0,"53":0,"54":0,"55":0,"56":0,"57":0,"58":0,"59":0,"60":0,"61":0,"62":0,"63":0,"64":0,"65":0,"66":0},"f":{"0":0,"1":0,"2":0,"3":0,"4":0,"5":0,"6":0,"7":0,"8":0,"9":0,"10":0,"11":0},"b":{"0":[0,0],"1":[0,0],"2":[0,0],"3":[0,0],"4":[0,0,0,0],"5":[0,0,0,0,0],"6":[0,0,0,0,0],"7":[0,0],"8":[0,0],"9":[0,0]}}
}
