TN:
SF:/Users/zacharyliu/patsnap/litigation-assistant-local/src/App.vue
FNF:0
FNH:0
DA:9,0
LF:1
LH:0
BRF:0
BRH:0
end_of_record
TN:
SF:/Users/zacharyliu/patsnap/litigation-assistant-local/src/apis/index.js
FNF:0
FNH:0
DA:1,0
LF:1
LH:0
BRF:0
BRH:0
end_of_record
TN:
SF:/Users/zacharyliu/patsnap/litigation-assistant-local/src/apis/preferences.js
FN:3,parse
FN:3,(anonymous_2)
FN:13,get
FN:14,(anonymous_4)
FNF:4
FNH:0
FNDA:0,parse
FNDA:0,(anonymous_2)
FNDA:0,get
FNDA:0,(anonymous_4)
DA:1,0
DA:3,0
DA:4,0
DA:5,0
DA:7,0
DA:8,0
DA:9,0
DA:13,0
DA:15,0
DA:16,0
LF:10
LH:0
BRDA:4,0,0,0
BRDA:4,0,1,0
BRDA:8,1,0,0
BRDA:8,1,1,0
BRDA:8,2,0,0
BRDA:8,2,1,0
BRF:6
BRH:0
end_of_record
TN:
SF:/Users/zacharyliu/patsnap/litigation-assistant-local/src/components/Clipboard.vue
FN:53,_default
FN:58,data
FN:64,items
FN:65,(anonymous_5)
FN:67,(anonymous_6)
FN:73,close
FN:76,toggle
FN:79,setValue
FNF:8
FNH:0
FNDA:0,_default
FNDA:0,data
FNDA:0,items
FNDA:0,(anonymous_5)
FNDA:0,(anonymous_6)
FNDA:0,close
FNDA:0,toggle
FNDA:0,setValue
DA:34,0
DA:35,0
DA:36,0
DA:54,0
DA:59,0
DA:65,0
DA:66,0
DA:67,0
DA:68,0
DA:69,0
DA:74,0
DA:77,0
DA:80,0
DA:81,0
LF:14
LH:0
BRF:0
BRH:0
end_of_record
TN:
SF:/Users/zacharyliu/patsnap/litigation-assistant-local/src/components/Content.vue
FN:109,(anonymous_2)
FN:111,(anonymous_3)
FN:115,(anonymous_4)
FN:116,(anonymous_5)
FN:129,(anonymous_6)
FN:137,(anonymous_7)
FN:138,(anonymous_8)
FN:150,getFileData
FN:153,getUserFileList
FN:157,handleError
FN:160,getContentType
FN:172,data
FN:184,structuredData
FN:187,(anonymous_15)
FN:188,(anonymous_16)
FN:193,clearContent
FN:201,dropHandler
FN:206,readFile
FN:211,(anonymous_20)
FN:221,upload
FN:225,fileChange
FN:230,displayFileContent
FN:232,(anonymous_24)
FN:234,(anonymous_25)
FN:239,storeUserFileList
FN:241,(anonymous_27)
FN:246,(anonymous_28)
FN:250,displayNextFile
FN:265,displayPrevFile
FN:285,markDone
FNF:30
FNH:0
FNDA:0,(anonymous_2)
FNDA:0,(anonymous_3)
FNDA:0,(anonymous_4)
FNDA:0,(anonymous_5)
FNDA:0,(anonymous_6)
FNDA:0,(anonymous_7)
FNDA:0,(anonymous_8)
FNDA:0,getFileData
FNDA:0,getUserFileList
FNDA:0,handleError
FNDA:0,getContentType
FNDA:0,data
FNDA:0,structuredData
FNDA:0,(anonymous_15)
FNDA:0,(anonymous_16)
FNDA:0,clearContent
FNDA:0,dropHandler
FNDA:0,readFile
FNDA:0,(anonymous_20)
FNDA:0,upload
FNDA:0,fileChange
FNDA:0,displayFileContent
FNDA:0,(anonymous_24)
FNDA:0,(anonymous_25)
FNDA:0,storeUserFileList
FNDA:0,(anonymous_27)
FNDA:0,(anonymous_28)
FNDA:0,displayNextFile
FNDA:0,displayPrevFile
FNDA:0,markDone
DA:79,0
DA:80,0
DA:81,0
DA:82,0
DA:83,0
DA:84,0
DA:87,0
DA:88,0
DA:91,0
DA:92,0
DA:93,0
DA:96,0
DA:109,0
DA:110,0
DA:111,0
DA:112,0
DA:113,0
DA:115,0
DA:116,0
DA:117,0
DA:118,0
DA:122,0
DA:129,0
DA:130,0
DA:131,0
DA:132,0
DA:133,0
DA:134,0
DA:137,0
DA:138,0
DA:139,0
DA:140,0
DA:144,0
DA:150,0
DA:151,0
DA:153,0
DA:154,0
DA:157,0
DA:158,0
DA:160,0
DA:162,0
DA:163,0
DA:164,0
DA:165,0
DA:166,0
DA:168,0
DA:173,0
DA:185,0
DA:186,0
DA:187,0
DA:188,0
DA:189,0
DA:194,0
DA:195,0
DA:196,0
DA:197,0
DA:198,0
DA:199,0
DA:202,0
DA:203,0
DA:204,0
DA:207,0
DA:208,0
DA:209,0
DA:210,0
DA:211,0
DA:212,0
DA:213,0
DA:214,0
DA:215,0
DA:216,0
DA:222,0
DA:223,0
DA:226,0
DA:227,0
DA:230,0
DA:231,0
DA:232,0
DA:233,0
DA:235,0
DA:239,0
DA:240,0
DA:241,0
DA:242,0
DA:243,0
DA:244,0
DA:245,0
DA:247,0
DA:251,0
DA:252,0
DA:254,0
DA:255,0
DA:256,0
DA:257,0
DA:258,0
DA:259,0
DA:260,0
DA:261,0
DA:266,0
DA:267,0
DA:268,0
DA:269,0
DA:272,0
DA:273,0
DA:274,0
DA:275,0
DA:276,0
DA:277,0
DA:279,0
DA:280,0
DA:286,0
DA:287,0
DA:288,0
DA:289,0
DA:290,0
LF:115
LH:0
BRDA:112,0,0,0
BRDA:112,0,1,0
BRDA:117,1,0,0
BRDA:117,1,1,0
BRDA:133,2,0,0
BRDA:133,2,1,0
BRDA:133,3,0,0
BRDA:133,3,1,0
BRDA:139,4,0,0
BRDA:139,4,1,0
BRDA:163,5,0,0
BRDA:163,5,1,0
BRDA:165,6,0,0
BRDA:165,6,1,0
BRDA:208,7,0,0
BRDA:208,7,1,0
BRDA:212,8,0,0
BRDA:212,8,1,0
BRDA:213,9,0,0
BRDA:213,9,1,0
BRDA:215,10,0,0
BRDA:215,10,1,0
BRDA:251,11,0,0
BRDA:251,11,1,0
BRDA:257,12,0,0
BRDA:257,12,1,0
BRDA:267,13,0,0
BRDA:267,13,1,0
BRDA:273,14,0,0
BRDA:273,14,1,0
BRDA:276,15,0,0
BRDA:276,15,1,0
BRDA:288,16,0,0
BRDA:288,16,1,0
BRF:34
BRH:0
end_of_record
TN:
SF:/Users/zacharyliu/patsnap/litigation-assistant-local/src/components/Header.vue
FN:49,data
FNF:1
FNH:0
FNDA:0,data
DA:16,0
DA:21,0
DA:25,0
DA:33,0
DA:37,0
DA:45,0
DA:50,0
LF:7
LH:0
BRF:0
BRH:0
end_of_record
TN:
SF:/Users/zacharyliu/patsnap/litigation-assistant-local/src/constants/index.js
FNF:0
FNH:0
DA:1,0
DA:2,0
DA:3,0
DA:4,0
LF:4
LH:0
BRF:0
BRH:0
end_of_record
TN:
SF:/Users/zacharyliu/patsnap/litigation-assistant-local/src/directives/huaci.js
FN:4,bind
FN:6,mouseUpHandler
FN:4,unbind
FN:28,install
FNF:4
FNH:0
FNDA:0,bind
FNDA:0,mouseUpHandler
FNDA:0,unbind
FNDA:0,install
DA:2,0
DA:4,0
DA:6,0
DA:7,0
DA:8,0
DA:9,0
DA:10,0
DA:11,0
DA:19,0
DA:20,0
DA:23,0
DA:24,0
DA:28,0
DA:29,0
LF:14
LH:0
BRDA:10,0,0,0
BRDA:10,0,1,0
BRF:2
BRH:0
end_of_record
TN:
SF:/Users/zacharyliu/patsnap/litigation-assistant-local/src/mock/index.js
FNF:0
FNH:0
DA:1,0
LF:1
LH:0
BRF:0
BRH:0
end_of_record
TN:
SF:/Users/zacharyliu/patsnap/litigation-assistant-local/src/mock/mock.js
FN:11,bootstrap
FN:19,(anonymous_2)
FN:21,(anonymous_3)
FN:26,(anonymous_4)
FN:27,(anonymous_5)
FN:39,(anonymous_6)
FN:47,(anonymous_7)
FN:48,(anonymous_8)
FNF:8
FNH:0
FNDA:0,bootstrap
FNDA:0,(anonymous_2)
FNDA:0,(anonymous_3)
FNDA:0,(anonymous_4)
FNDA:0,(anonymous_5)
FNDA:0,(anonymous_6)
FNDA:0,(anonymous_7)
FNDA:0,(anonymous_8)
DA:2,0
DA:3,0
DA:5,0
DA:7,0
DA:9,0
DA:10,0
DA:19,0
DA:20,0
DA:21,0
DA:23,0
DA:24,0
DA:26,0
DA:27,0
DA:28,0
DA:39,0
DA:40,0
DA:41,0
DA:42,0
DA:43,0
DA:44,0
DA:47,0
DA:48,0
DA:49,0
LF:23
LH:0
BRDA:23,0,0,0
BRDA:23,0,1,0
BRDA:23,1,0,0
BRDA:23,1,1,0
BRDA:43,2,0,0
BRDA:43,2,1,0
BRDA:43,3,0,0
BRDA:43,3,1,0
BRF:8
BRH:0
end_of_record
TN:
SF:/Users/zacharyliu/patsnap/litigation-assistant-local/src/mock/data/files.js
FNF:0
FNH:0
DA:2,0
DA:4,0
DA:10,0
DA:11,0
DA:18,0
DA:23,0
DA:24,0
DA:30,0
DA:33,0
DA:34,0
DA:35,0
DA:36,0
DA:37,0
DA:41,0
DA:42,0
DA:43,0
LF:16
LH:0
BRDA:42,0,0,0
BRDA:42,0,1,0
BRF:2
BRH:0
end_of_record
TN:
SF:/Users/zacharyliu/patsnap/litigation-assistant-local/src/readers/html-reader.js
FNF:0
FNH:0
DA:1,0
DA:3,0
DA:4,0
DA:10,0
LF:4
LH:0
BRDA:4,0,0,0
BRDA:4,0,1,0
BRF:2
BRH:0
end_of_record
TN:
SF:/Users/zacharyliu/patsnap/litigation-assistant-local/src/readers/json-reader.js
FN:4,html
FN:4,(anonymous_2)
FN:11,(anonymous_4)
FNF:3
FNH:0
FNDA:0,html
FNDA:0,(anonymous_2)
FNDA:0,(anonymous_4)
DA:1,0
DA:2,0
DA:4,0
DA:7,0
DA:10,0
DA:11,0
DA:12,0
DA:13,0
DA:14,0
DA:16,0
DA:19,0
LF:11
LH:0
BRDA:7,0,0,0
BRDA:7,0,1,0
BRDA:13,1,0,0
BRDA:13,1,1,0
BRF:4
BRH:0
end_of_record
TN:
SF:/Users/zacharyliu/patsnap/litigation-assistant-local/src/utils/file.js
FN:1,save
FN:16,upload
FN:17,(anonymous_3)
FN:22,handler
FN:35,read
FN:35,(anonymous_6)
FN:38,(anonymous_7)
FNF:7
FNH:0
FNDA:0,save
FNDA:0,upload
FNDA:0,(anonymous_3)
FNDA:0,handler
FNDA:0,read
FNDA:0,(anonymous_6)
FNDA:0,(anonymous_7)
DA:1,0
DA:3,0
DA:4,0
DA:5,0
DA:7,0
DA:8,0
DA:10,0
DA:11,0
DA:13,0
DA:16,0
DA:17,0
DA:18,0
DA:19,0
DA:20,0
DA:21,0
DA:22,0
DA:23,0
DA:24,0
DA:25,0
DA:26,0
DA:27,0
DA:29,0
DA:30,0
DA:32,0
DA:35,0
DA:36,0
DA:37,0
DA:38,0
DA:39,0
LF:29
LH:0
BRF:0
BRH:0
end_of_record
TN:
SF:/Users/zacharyliu/patsnap/litigation-assistant-local/src/utils/object.js
FN:3,up
FN:6,(anonymous_2)
FN:12,down
FN:15,(anonymous_4)
FN:18,(anonymous_5)
FN:22,(anonymous_6)
FNF:6
FNH:0
FNDA:0,up
FNDA:0,(anonymous_2)
FNDA:0,down
FNDA:0,(anonymous_4)
FNDA:0,(anonymous_5)
FNDA:0,(anonymous_6)
DA:1,0
DA:3,0
DA:4,0
DA:5,0
DA:6,0
DA:7,0
DA:9,0
DA:12,0
DA:13,0
DA:14,0
DA:15,0
DA:16,0
DA:17,0
DA:18,0
DA:19,0
DA:21,0
DA:22,0
DA:23,0
DA:26,0
DA:29,0
LF:20
LH:0
BRDA:13,0,0,0
BRDA:13,0,1,0
BRDA:17,1,0,0
BRDA:17,1,1,0
BRDA:21,2,0,0
BRDA:21,2,1,0
BRF:6
BRH:0
end_of_record
TN:
SF:/Users/zacharyliu/patsnap/litigation-assistant-local/src/utils/storage.js
FN:1,Store
FN:1,get
FN:1,set
FN:1,remove
FNF:4
FNH:0
FNDA:0,Store
FNDA:0,get
FNDA:0,set
FNDA:0,remove
DA:1,0
DA:3,0
DA:4,0
DA:5,0
DA:6,0
DA:8,0
DA:9,0
DA:13,0
DA:14,0
DA:17,0
DA:18,0
LF:11
LH:0
BRDA:4,0,0,0
BRDA:4,0,1,0
BRF:2
BRH:0
end_of_record
TN:
SF:/Users/zacharyliu/patsnap/litigation-assistant-local/src/views/Welcome.vue
FN:62,match
FN:80,data
FN:91,mounted
FN:94,(anonymous_5)
FN:98,(anonymous_6)
FN:104,destroyed
FN:109,huaciHandler
FN:120,spotlightService
FN:126,loadData
FN:132,loadLocalData
FN:136,exportData
FN:150,saveData
FNF:12
FNH:0
FNDA:0,match
FNDA:0,data
FNDA:0,mounted
FNDA:0,(anonymous_5)
FNDA:0,(anonymous_6)
FNDA:0,destroyed
FNDA:0,huaciHandler
FNDA:0,spotlightService
FNDA:0,loadData
FNDA:0,loadLocalData
FNDA:0,exportData
FNDA:0,saveData
DA:48,0
DA:49,0
DA:50,0
DA:51,0
DA:52,0
DA:53,0
DA:54,0
DA:55,0
DA:56,0
DA:62,0
DA:63,0
DA:64,0
DA:65,0
DA:66,0
DA:67,0
DA:70,0
DA:81,0
DA:91,0
DA:92,0
DA:93,0
DA:94,0
DA:95,0
DA:96,0
DA:98,0
DA:99,0
DA:100,0
DA:101,0
DA:105,0
DA:106,0
DA:109,0
DA:110,0
DA:111,0
DA:112,0
DA:114,0
DA:115,0
DA:117,0
DA:118,0
DA:120,0
DA:121,0
DA:122,0
DA:123,0
DA:124,0
DA:126,0
DA:127,0
DA:128,0
DA:129,0
DA:130,0
DA:133,0
DA:134,0
DA:136,0
DA:138,0
DA:139,0
DA:141,0
DA:145,0
DA:147,0
DA:148,0
DA:150,0
DA:152,0
DA:153,0
DA:154,0
DA:155,0
DA:156,0
DA:157,0
DA:158,0
DA:162,0
LF:65
LH:0
BRDA:66,0,0,0
BRDA:66,0,1,0
BRDA:99,1,0,0
BRDA:99,1,1,0
BRDA:111,2,0,0
BRDA:111,2,1,0
BRDA:114,3,0,0
BRDA:114,3,1,0
BRDA:120,4,0,0
BRDA:120,4,1,0
BRDA:120,4,2,0
BRDA:120,4,3,0
BRDA:126,5,0,0
BRDA:126,5,1,0
BRDA:126,5,2,0
BRDA:126,5,3,0
BRDA:126,5,4,0
BRDA:136,6,0,0
BRDA:136,6,1,0
BRDA:136,6,2,0
BRDA:136,6,3,0
BRDA:136,6,4,0
BRDA:136,7,0,0
BRDA:136,7,1,0
BRDA:152,8,0,0
BRDA:152,8,1,0
BRDA:156,9,0,0
BRDA:156,9,1,0
BRF:28
BRH:0
end_of_record
